{
  "RSpec": {
    "coverage": {
      "/Users/riccardotacconi/dev/cirunner/config/environment.rb": [
        null,
        1,
        null,
        null,
        1,
        null
      ],
      "/Users/riccardotacconi/dev/cirunner/config/application.rb": [
        1,
        null,
        1,
        null,
        null,
        1,
        null,
        1,
        1,
        null,
        null,
        null,
        1,
        null,
        1,
        1,
        null,
        null,
        null,
        null,
        null,
        null,
        null,
        null,
        null,
        null,
        null
      ],
      "/Users/riccardotacconi/dev/cirunner/config/boot.rb": [
        null,
        1,
        null,
        1
      ],
      "/Users/riccardotacconi/dev/cirunner/config/environments/development.rb": [
        1,
        null,
        null,
        null,
        null,
        null,
        1,
        null,
        null,
        1,
        null,
        null,
        1,
        1,
        null,
        null,
        1,
        1,
        null,
        null,
        1,
        null,
        null,
        1,
        null,
        null,
        1,
        null
      ],
      "/Users/riccardotacconi/dev/cirunner/config/initializers/backtrace_silencers.rb": [
        null,
        null,
        null,
        null,
        null,
        null,
        null
      ],
      "/Users/riccardotacconi/dev/cirunner/config/initializers/devise.rb": [
        null,
        null,
        1,
        null,
        null,
        null,
        1,
        null,
        null,
        null,
        null,
        null,
        null,
        null,
        null,
        1,
        null,
        null,
        null,
        null,
        null,
        null,
        null,
        null,
        null,
        null,
        null,
        null,
        null,
        null,
        null,
        null,
        null,
        null,
        null,
        null,
        null,
        1,
        null,
        null,
        null,
        null,
        1,
        null,
        null,
        null,
        null,
        null,
        null,
        null,
        null,
        null,
        null,
        null,
        null,
        null,
        null,
        null,
        null,
        null,
        null,
        null,
        null,
        null,
        null,
        null,
        null,
        null,
        null,
        null,
        null,
        null,
        1,
        null,
        null,
        null,
        null,
        null,
        null,
        null,
        null,
        1,
        null,
        null,
        null,
        null,
        null,
        null,
        null,
        null,
        null,
        null,
        null,
        null,
        null,
        null,
        null,
        null,
        null,
        null,
        null,
        null,
        null,
        null,
        null,
        null,
        1,
        null,
        null,
        null,
        null,
        null,
        null,
        null,
        null,
        null,
        null,
        null,
        null,
        null,
        null,
        null,
        null,
        null,
        1,
        null,
        null,
        null,
        null,
        null,
        null,
        null,
        null,
        null,
        null,
        null,
        null,
        null,
        null,
        null,
        null,
        null,
        null,
        null,
        null,
        null,
        null,
        null,
        null,
        null,
        null,
        null,
        null,
        null,
        null,
        null,
        null,
        null,
        null,
        null,
        null,
        null,
        null,
        null,
        null,
        null,
        null,
        null,
        null,
        null,
        1,
        null,
        null,
        null,
        null,
        null,
        null,
        null,
        null,
        null,
        null,
        null,
        null,
        null,
        null,
        null,
        null,
        null,
        null,
        null,
        null,
        null,
        null,
        null,
        null,
        null,
        null,
        null,
        null,
        null,
        null,
        null,
        null,
        null,
        null,
        null,
        null,
        null,
        null,
        null,
        null,
        null,
        1,
        null,
        null,
        null,
        null,
        null,
        null,
        null,
        null,
        null,
        null,
        null,
        null,
        null,
        null,
        null,
        null,
        null,
        null,
        null,
        null,
        null,
        null,
        null,
        null,
        null,
        null,
        null,
        null,
        null
      ],
      "/Users/riccardotacconi/dev/cirunner/config/initializers/filter_parameter_logging.rb": [
        null,
        null,
        null,
        1
      ],
      "/Users/riccardotacconi/dev/cirunner/config/initializers/inflections.rb": [
        null,
        null,
        null,
        null,
        null,
        null,
        null,
        null,
        null,
        null,
        null,
        null,
        null,
        null,
        null,
        null
      ],
      "/Users/riccardotacconi/dev/cirunner/config/initializers/mime_types.rb": [
        null,
        null,
        null,
        null,
        null
      ],
      "/Users/riccardotacconi/dev/cirunner/config/initializers/secret_token.rb": [
        null,
        null,
        null,
        null,
        null,
        null,
        null,
        null,
        null,
        null,
        null,
        1
      ],
      "/Users/riccardotacconi/dev/cirunner/config/initializers/session_store.rb": [
        null,
        null,
        1
      ],
      "/Users/riccardotacconi/dev/cirunner/config/initializers/wrap_parameters.rb": [
        null,
        null,
        null,
        null,
        null,
        null,
        1,
        1,
        null,
        null,
        null,
        null,
        null,
        null
      ],
      "/Users/riccardotacconi/dev/cirunner/config/routes.rb": [
        1,
        null,
        1,
        null,
        1,
        1,
        null,
        null,
        1,
        null,
        null,
        null,
        null,
        null,
        1,
        null,
        null,
        null,
        null,
        null,
        null,
        null,
        null,
        null,
        null,
        null,
        null,
        null,
        null,
        null,
        null,
        null,
        null,
        null,
        null,
        null,
        null,
        null,
        null,
        null,
        null,
        null,
        null,
        null,
        null,
        null,
        null,
        null,
        null,
        null,
        null,
        null,
        null,
        null,
        null,
        null,
        null,
        null
      ],
      "/Users/riccardotacconi/dev/cirunner/app/models/user.rb": [
        1,
        null,
        null,
        null,
        1,
        null,
        null
      ],
      "/Users/riccardotacconi/dev/cirunner/app/helpers/application_helper.rb": [
        1,
        null
      ],
      "/Users/riccardotacconi/dev/cirunner/app/helpers/projects_helper.rb": [
        1,
        null
      ],
      "/Users/riccardotacconi/dev/cirunner/app/helpers/runs_helper.rb": [
        1,
        null
      ],
      "/Users/riccardotacconi/dev/cirunner/app/helpers/scripts_helper.rb": [
        1,
        null
      ],
      "/Users/riccardotacconi/dev/cirunner/spec/support/blueprints.rb": [
        1,
        null,
        null,
        null,
        null,
        null,
        null,
        null,
        null,
        1,
        2,
        2,
        2,
        null,
        null,
        1,
        null,
        null,
        null,
        1,
        null,
        null,
        null,
        1,
        0,
        0,
        null,
        null,
        1,
        null,
        null
      ],
      "/Users/riccardotacconi/dev/cirunner/app/models/project.rb": [
        1,
        1,
        null,
        1,
        null,
        1,
        null,
        1,
        null
      ],
      "/Users/riccardotacconi/dev/cirunner/app/models/run.rb": [
        1,
        1,
        1,
        null
      ],
      "/Users/riccardotacconi/dev/cirunner/app/models/script_result.rb": [
        1,
        1,
        1,
        null
      ],
      "/Users/riccardotacconi/dev/cirunner/app/models/script.rb": [
        1,
        1,
        null
      ],
      "/Users/riccardotacconi/dev/cirunner/app/models/script_list.rb": [
        1,
        1,
        1,
        1,
        1,
        null
      ],
      "/Users/riccardotacconi/dev/cirunner/spec/acceptance/projects_spec.rb": [
        1,
        null,
        1,
        1,
        1,
        1,
        null,
        null,
        1,
        1,
        1,
        1,
        null,
        null,
        1,
        1,
        1,
        1,
        null,
        null,
        1,
        1,
        1,
        null,
        null,
        1,
        1,
        1,
        1,
        1,
        null,
        null,
        1,
        1,
        1,
        1,
        null,
        null
      ],
      "/Users/riccardotacconi/dev/cirunner/spec/acceptance/runner_spec.rb": [
        1,
        null,
        1,
        1,
        1,
        1,
        1,
        null,
        null
      ],
      "/Users/riccardotacconi/dev/cirunner/spec/controllers/runs_controller_spec.rb": [
        1,
        null,
        1,
        null,
        1,
        1,
        1,
        0,
        null,
        null,
        null,
        1,
        1,
        1,
        0,
        null,
        null,
        null,
        1,
        1,
        1,
        0,
        null,
        null,
        null,
        1,
        1,
        1,
        0,
        null,
        null,
        null,
        null
      ],
      "/Users/riccardotacconi/dev/cirunner/app/controllers/runs_controller.rb": [
        1,
        1,
        0,
        0,
        null,
        null,
        1,
        0,
        0,
        null,
        null,
        1,
        0,
        0,
        0,
        0,
        null,
        null,
        1,
        null,
        null
      ],
      "/Users/riccardotacconi/dev/cirunner/app/controllers/application_controller.rb": [
        1,
        null,
        null,
        1,
        null
      ],
      "/Users/riccardotacconi/dev/cirunner/spec/controllers/scripts_controller_spec.rb": [
        1,
        null,
        1,
        null,
        1,
        1,
        1,
        1,
        null,
        null,
        null,
        null
      ],
      "/Users/riccardotacconi/dev/cirunner/app/controllers/scripts_controller.rb": [
        1,
        1,
        1,
        null,
        null
      ],
      "/Users/riccardotacconi/dev/cirunner/spec/helpers/runs_helper_spec.rb": [
        1,
        null,
        null,
        null,
        null,
        null,
        null,
        null,
        null,
        null,
        null,
        null,
        1,
        1,
        null
      ],
      "/Users/riccardotacconi/dev/cirunner/spec/helpers/scripts_helper_spec.rb": [
        1,
        null,
        null,
        null,
        null,
        null,
        null,
        null,
        null,
        null,
        null,
        null,
        1,
        1,
        null
      ],
      "/Users/riccardotacconi/dev/cirunner/spec/models/projects_spec.rb": [

      ],
      "/Users/riccardotacconi/dev/cirunner/spec/models/run_spec.rb": [
        1,
        null,
        1,
        1,
        null
      ],
      "/Users/riccardotacconi/dev/cirunner/spec/models/script_list_spec.rb": [
        1,
        null,
        1,
        1,
        null
      ],
      "/Users/riccardotacconi/dev/cirunner/spec/models/script_result_spec.rb": [
        1,
        null,
        1,
        1,
        null
      ],
      "/Users/riccardotacconi/dev/cirunner/spec/models/script_spec.rb": [
        1,
        null,
        1,
        1,
        null
      ],
      "/Users/riccardotacconi/dev/cirunner/spec/models/user_spec.rb": [
        1,
        null,
        1,
        1,
        null
      ],
      "/Users/riccardotacconi/dev/cirunner/spec/roles/script_lister_spec.rb": [
        1,
        null,
        1,
        1,
        1,
        1,
        1,
        1,
        1,
        1,
        0,
        null,
        null
      ],
      "/Users/riccardotacconi/dev/cirunner/app/roles/script_lister.rb": [
        1,
        1,
        1,
        null,
        null
      ],
      "/Users/riccardotacconi/dev/cirunner/spec/views/runner/create.html.haml_spec.rb": [
        1,
        null,
        1,
        1,
        null
      ],
      "/Users/riccardotacconi/dev/cirunner/spec/views/runs/create.html.haml_spec.rb": [
        1,
        null,
        1,
        1,
        null
      ],
      "/Users/riccardotacconi/dev/cirunner/spec/views/runs/index.html.haml_spec.rb": [
        1,
        null,
        1,
        1,
        null
      ],
      "/Users/riccardotacconi/dev/cirunner/spec/views/runs/show.html.haml_spec.rb": [
        1,
        null,
        1,
        1,
        null
      ],
      "/Users/riccardotacconi/dev/cirunner/spec/views/runs/update.html.haml_spec.rb": [
        1,
        null,
        1,
        1,
        null
      ],
      "/Users/riccardotacconi/dev/cirunner/spec/views/scripts/index.html.haml_spec.rb": [
        1,
        null,
        1,
        1,
        null
      ]
    },
    "timestamp": 1369423710
  }
}
